<?xml version="1.0" encoding="utf-8"?>
<TestRun id="64fa9706-2ec6-4e9d-9ec1-42b5205c0578" name="@kodyntsova-mFM 2026-08-20 14:13:31" xmlns="http://microsoft.com/schemas/VisualStudio/TeamTest/2010">
  <Times creation="2026-08-20T14:13:31.9671440+03:00" queuing="2026-08-20T14:13:31.9671450+03:00" start="2026-08-20T14:13:14.6358590+03:00" finish="2026-08-20T14:13:31.9697000+03:00" />
  <TestSettings name="default" id="0d279110-34ad-4ecb-9043-b7fe9d7e2dba">
    <Deployment runDeploymentRoot="_kodyntsova-mFM_2026-08-20_14_13_31" />
  </TestSettings>
  <Results>
    <UnitTestResult executionId="a9728739-c819-43bf-bfe1-4fc5ce10e6b3" testId="76994e52-7b5a-6ea5-d50b-4fc77140f352" testName="Create product and verify the details" computerName="kodyntsova-mFM" duration="00:00:16.7585943" startTime="2026-08-20T14:13:15.0076440+03:00" endTime="2026-08-20T14:13:31.8282250+03:00" testType="13cdc9d9-ddb5-4fa4-a97d-d965ccfc6d4b" outcome="Passed" testListId="8c84fa94-04c1-424b-9868-57a2d4851a1d" relativeResultsDirectory="a9728739-c819-43bf-bfe1-4fc5ce10e6b3">
      <Output>
        <StdOut>Given I click the Product menu
-&gt; done: ProductSteps.GivenIClickTheProductMenu() (3,2s)
And I create product with following details
  --- table step argument ---
  | Name       | Description        | Price | ProductType |
  | Headphones | Noise cancellation | 300   | PERIPHARALS |
-&gt; done: ProductSteps.GivenICreateProductWithFollowingDetails(&lt;table&gt;) (7,7s)
When I click the Details link of the newly created product
-&gt; done: ProductSteps.WhenIClickTheDetailsLinkOfTheNewlyCreatedProduct() (1,6s)
Then I see all the product details are created as expected
-&gt; done: ProductSteps.ThenISeeAllTheProductDetailsAreCreatedAsExpected() (0,0s)</StdOut>
      </Output>
    </UnitTestResult>
  </Results>
  <TestDefinitions>
    <UnitTest name="Create product and verify the details" storage="/users/kateryna/projects/riderprojects/eatestautomation/easpecflowtests/bin/debug/net10.0/easpecflowtests.dll" id="76994e52-7b5a-6ea5-d50b-4fc77140f352">
      <Execution id="a9728739-c819-43bf-bfe1-4fc5ce10e6b3" />
      <TestMethod codeBase="/Users/kateryna/Projects/RiderProjects/EaTestAutomation/EaSpecflowTests/bin/Debug/net10.0/EaSpecflowTests.dll" adapterTypeName="executor://xunit/VsTestRunner3/netcore/" className="EaSpecflowTests.Features.ProductFeature" name="CreateProductAndVerifyTheDetails" />
    </UnitTest>
  </TestDefinitions>
  <TestEntries>
    <TestEntry testId="76994e52-7b5a-6ea5-d50b-4fc77140f352" executionId="a9728739-c819-43bf-bfe1-4fc5ce10e6b3" testListId="8c84fa94-04c1-424b-9868-57a2d4851a1d" />
  </TestEntries>
  <TestLists>
    <TestList name="Results Not in a List" id="8c84fa94-04c1-424b-9868-57a2d4851a1d" />
    <TestList name="All Loaded Results" id="19431567-8539-422a-85d7-44ee4e166bda" />
  </TestLists>
  <ResultSummary outcome="Completed">
    <Counters total="1" executed="1" passed="1" failed="0" error="0" timeout="0" aborted="0" inconclusive="0" passedButRunAborted="0" notRunnable="0" notExecuted="0" disconnected="0" warning="0" completed="0" inProgress="0" pending="0" />
    <Output>
      <StdOut>[xUnit.net 00:00:00.00] xUnit.net VSTest Adapter v3.1.4+50e68bbb8b (64-bit .NET 10.0.9)
[xUnit.net 00:00:00.04]   Discovering: EaSpecflowTests
[xUnit.net 00:00:00.06]   Discovered:  EaSpecflowTests
[xUnit.net 00:00:00.06]   Starting:    EaSpecflowTests
-&gt; Loading plugin /Users/kateryna/Projects/RiderProjects/EaTestAutomation/EaSpecflowTests/bin/Debug/net10.0/EaSpecflowTests.dll
-&gt; Loading plugin /Users/kateryna/Projects/RiderProjects/EaTestAutomation/EaSpecflowTests/bin/Debug/net10.0/Reqnroll.Microsoft.Extensions.DependencyInjection.ReqnrollPlugin.dll
-&gt; Loading plugin /Users/kateryna/Projects/RiderProjects/EaTestAutomation/EaSpecflowTests/bin/Debug/net10.0/Reqnroll.xUnit.ReqnrollPlugin.dll
-&gt; Using default config
[xUnit.net 00:00:16.94]   Finished:    EaSpecflowTests
</StdOut>
    </Output>
  </ResultSummary>
</TestRun>